<?xml version="1.0" encoding="UTF-8"?>
<coverage generated="1696212555316" clover="3.2.0">
  <project timestamp="1696212555316" name="All files">
    <metrics statements="55" coveredstatements="55" conditionals="31" coveredconditionals="25" methods="20" coveredmethods="20" elements="106" coveredelements="100" complexity="0" loc="55" ncloc="55" packages="2" files="2" classes="2"/>
    <package name="dist">
      <metrics statements="28" coveredstatements="28" conditionals="16" coveredconditionals="13" methods="10" coveredmethods="10"/>
      <file name="index.js" path="/Users/vithusharavirajan/Documents/ACS3310-JSLib/custom-profanity-filter/dist/index.js">
        <metrics statements="28" coveredstatements="28" conditionals="16" coveredconditionals="13" methods="10" coveredmethods="10"/>
        <line num="2" count="1" type="stmt"/>
        <line num="3" count="1" type="stmt"/>
        <line num="6" count="6" type="stmt"/>
        <line num="7" count="6" type="stmt"/>
        <line num="8" count="6" type="stmt"/>
        <line num="9" count="6" type="cond" truecount="1" falsecount="1"/>
        <line num="10" count="6" type="stmt"/>
        <line num="13" count="55" type="stmt"/>
        <line num="14" count="22316" type="cond" truecount="2" falsecount="0"/>
        <line num="15" count="1" type="stmt"/>
        <line num="17" count="22315" type="stmt"/>
        <line num="18" count="22315" type="stmt"/>
        <line num="22" count="4" type="stmt"/>
        <line num="23" count="4" type="stmt"/>
        <line num="29" count="2" type="stmt"/>
        <line num="30" count="2" type="stmt"/>
        <line num="31" count="50" type="cond" truecount="2" falsecount="0"/>
        <line num="35" count="2" type="stmt"/>
        <line num="36" count="2" type="stmt"/>
        <line num="37" count="2" type="stmt"/>
        <line num="38" count="2" type="stmt"/>
        <line num="42" count="1" type="stmt"/>
        <line num="45" count="1" type="stmt"/>
        <line num="46" count="1" type="stmt"/>
        <line num="47" count="1" type="stmt"/>
        <line num="48" count="1" type="stmt"/>
        <line num="49" count="1" type="stmt"/>
        <line num="50" count="1" type="stmt"/>
      </file>
    </package>
    <package name="src">
      <metrics statements="27" coveredstatements="27" conditionals="15" coveredconditionals="12" methods="10" coveredmethods="10"/>
      <file name="index.ts" path="/Users/vithusharavirajan/Documents/ACS3310-JSLib/custom-profanity-filter/src/index.ts">
        <metrics statements="27" coveredstatements="27" conditionals="15" coveredconditionals="12" methods="10" coveredmethods="10"/>
        <line num="1" count="1" type="stmt"/>
        <line num="8" count="6" type="stmt"/>
        <line num="11" count="6" type="stmt"/>
        <line num="12" count="6" type="stmt"/>
        <line num="13" count="6" type="cond" truecount="1" falsecount="1"/>
        <line num="14" count="6" type="stmt"/>
        <line num="18" count="55" type="stmt"/>
        <line num="19" count="22316" type="cond" truecount="1" falsecount="0"/>
        <line num="20" count="1" type="stmt"/>
        <line num="22" count="22315" type="stmt"/>
        <line num="23" count="22315" type="stmt"/>
        <line num="28" count="4" type="stmt"/>
        <line num="29" count="4" type="stmt"/>
        <line num="35" count="2" type="stmt"/>
        <line num="36" count="2" type="stmt"/>
        <line num="37" count="50" type="cond" truecount="2" falsecount="0"/>
        <line num="42" count="2" type="stmt"/>
        <line num="43" count="2" type="stmt"/>
        <line num="44" count="2" type="stmt"/>
        <line num="45" count="2" type="stmt"/>
        <line num="50" count="1" type="stmt"/>
        <line num="54" count="1" type="stmt"/>
        <line num="56" count="1" type="stmt"/>
        <line num="57" count="1" type="stmt"/>
        <line num="58" count="1" type="stmt"/>
        <line num="59" count="1" type="stmt"/>
        <line num="60" count="1" type="stmt"/>
      </file>
    </package>
  </project>
</coverage>
