{"/Users/vithusharavirajan/Documents/ACS3310-JSLib/custom-profanity-filter/dist/index.js": {"path":"/Users/vithusharavirajan/Documents/ACS3310-JSLib/custom-profanity-filter/dist/index.js","statementMap":{"0":{"start":{"line":2,"column":0},"end":{"line":2,"column":62}},"1":{"start":{"line":3,"column":23},"end":{"line":3,"column":48}},"2":{"start":{"line":6,"column":8},"end":{"line":6,"column":46}},"3":{"start":{"line":7,"column":8},"end":{"line":7,"column":39}},"4":{"start":{"line":8,"column":8},"end":{"line":8,"column":41}},"5":{"start":{"line":9,"column":8},"end":{"line":9,"column":91}},"6":{"start":{"line":10,"column":8},"end":{"line":10,"column":37}},"7":{"start":{"line":13,"column":8},"end":{"line":19,"column":11}},"8":{"start":{"line":14,"column":12},"end":{"line":16,"column":13}},"9":{"start":{"line":15,"column":16},"end":{"line":15,"column":29}},"10":{"start":{"line":17,"column":28},"end":{"line":17,"column":86}},"11":{"start":{"line":18,"column":12},"end":{"line":18,"column":40}},"12":{"start":{"line":22,"column":29},"end":{"line":22,"column":34}},"13":{"start":{"line":23,"column":8},"end":{"line":25,"column":53}},"14":{"start":{"line":29,"column":27},"end":{"line":29,"column":31}},"15":{"start":{"line":30,"column":8},"end":{"line":32,"column":134}},"16":{"start":{"line":31,"column":12},"end":{"line":31,"column":77}},"17":{"start":{"line":35,"column":8},"end":{"line":39,"column":11}},"18":{"start":{"line":36,"column":12},"end":{"line":36,"column":38}},"19":{"start":{"line":37,"column":12},"end":{"line":37,"column":32}},"20":{"start":{"line":38,"column":12},"end":{"line":38,"column":42}},"21":{"start":{"line":42,"column":8},"end":{"line":42,"column":72}},"22":{"start":{"line":42,"column":30},"end":{"line":42,"column":70}},"23":{"start":{"line":45,"column":0},"end":{"line":45,"column":30}},"24":{"start":{"line":46,"column":15},"end":{"line":46,"column":35}},"25":{"start":{"line":47,"column":15},"end":{"line":47,"column":86}},"26":{"start":{"line":48,"column":0},"end":{"line":48,"column":30}},"27":{"start":{"line":49,"column":0},"end":{"line":49,"column":38}},"28":{"start":{"line":50,"column":0},"end":{"line":50,"column":37}}},"fnMap":{"0":{"name":"(anonymous_0)","decl":{"start":{"line":5,"column":4},"end":{"line":5,"column":5}},"loc":{"start":{"line":5,"column":54},"end":{"line":11,"column":5}},"line":5},"1":{"name":"(anonymous_1)","decl":{"start":{"line":12,"column":4},"end":{"line":12,"column":5}},"loc":{"start":{"line":12,"column":22},"end":{"line":20,"column":5}},"line":12},"2":{"name":"(anonymous_2)","decl":{"start":{"line":13,"column":35},"end":{"line":13,"column":36}},"loc":{"start":{"line":13,"column":45},"end":{"line":19,"column":9}},"line":13},"3":{"name":"(anonymous_3)","decl":{"start":{"line":21,"column":4},"end":{"line":21,"column":5}},"loc":{"start":{"line":21,"column":29},"end":{"line":26,"column":5}},"line":21},"4":{"name":"(anonymous_4)","decl":{"start":{"line":27,"column":4},"end":{"line":27,"column":5}},"loc":{"start":{"line":27,"column":21},"end":{"line":33,"column":5}},"line":27},"5":{"name":"(anonymous_5)","decl":{"start":{"line":30,"column":44},"end":{"line":30,"column":45}},"loc":{"start":{"line":30,"column":54},"end":{"line":32,"column":9}},"line":30},"6":{"name":"(anonymous_6)","decl":{"start":{"line":34,"column":4},"end":{"line":34,"column":5}},"loc":{"start":{"line":34,"column":23},"end":{"line":40,"column":5}},"line":34},"7":{"name":"(anonymous_7)","decl":{"start":{"line":35,"column":22},"end":{"line":35,"column":23}},"loc":{"start":{"line":35,"column":32},"end":{"line":39,"column":9}},"line":35},"8":{"name":"(anonymous_8)","decl":{"start":{"line":41,"column":4},"end":{"line":41,"column":5}},"loc":{"start":{"line":41,"column":26},"end":{"line":43,"column":5}},"line":41},"9":{"name":"(anonymous_9)","decl":{"start":{"line":42,"column":22},"end":{"line":42,"column":23}},"loc":{"start":{"line":42,"column":30},"end":{"line":42,"column":70}},"line":42}},"branchMap":{"0":{"loc":{"start":{"line":5,"column":16},"end":{"line":5,"column":33}},"type":"default-arg","locations":[{"start":{"line":5,"column":30},"end":{"line":5,"column":33}}],"line":5},"1":{"loc":{"start":{"line":5,"column":35},"end":{"line":5,"column":52}},"type":"default-arg","locations":[{"start":{"line":5,"column":50},"end":{"line":5,"column":52}}],"line":5},"2":{"loc":{"start":{"line":9,"column":28},"end":{"line":9,"column":89}},"type":"cond-expr","locations":[{"start":{"line":9,"column":54},"end":{"line":9,"column":66}},{"start":{"line":9,"column":69},"end":{"line":9,"column":89}}],"line":9},"3":{"loc":{"start":{"line":14,"column":12},"end":{"line":16,"column":13}},"type":"if","locations":[{"start":{"line":14,"column":12},"end":{"line":16,"column":13}},{"start":{},"end":{}}],"line":14},"4":{"loc":{"start":{"line":31,"column":19},"end":{"line":31,"column":76}},"type":"cond-expr","locations":[{"start":{"line":31,"column":42},"end":{"line":31,"column":69}},{"start":{"line":31,"column":72},"end":{"line":31,"column":76}}],"line":31},"5":{"loc":{"start":{"line":32,"column":16},"end":{"line":32,"column":132}},"type":"cond-expr","locations":[{"start":{"line":32,"column":125},"end":{"line":32,"column":127}},{"start":{"line":32,"column":130},"end":{"line":32,"column":132}}],"line":32},"6":{"loc":{"start":{"line":32,"column":16},"end":{"line":32,"column":122}},"type":"binary-expr","locations":[{"start":{"line":32,"column":16},"end":{"line":32,"column":105}},{"start":{"line":32,"column":109},"end":{"line":32,"column":122}}],"line":32},"7":{"loc":{"start":{"line":32,"column":22},"end":{"line":32,"column":95}},"type":"cond-expr","locations":[{"start":{"line":32,"column":81},"end":{"line":32,"column":87}},{"start":{"line":32,"column":90},"end":{"line":32,"column":95}}],"line":32},"8":{"loc":{"start":{"line":32,"column":22},"end":{"line":32,"column":78}},"type":"binary-expr","locations":[{"start":{"line":32,"column":22},"end":{"line":32,"column":61}},{"start":{"line":32,"column":65},"end":{"line":32,"column":78}}],"line":32}},"s":{"0":1,"1":1,"2":6,"3":6,"4":6,"5":6,"6":6,"7":55,"8":22316,"9":1,"10":22315,"11":22315,"12":4,"13":4,"14":2,"15":2,"16":50,"17":2,"18":2,"19":2,"20":2,"21":1,"22":1,"23":1,"24":1,"25":1,"26":1,"27":1,"28":1},"f":{"0":6,"1":55,"2":22316,"3":4,"4":2,"5":50,"6":2,"7":2,"8":1,"9":1},"b":{"0":[5],"1":[6],"2":[0,6],"3":[1,22315],"4":[3,47],"5":[2,0],"6":[2,2],"7":[0,2],"8":[2,2]},"inputSourceMap":null,"_coverageSchema":"1a1c01bbd47fc00a2c39e90264f33305004495a9","hash":"f6f7d32b39768741eca277b7eeff45317373eb6b"}
,"/Users/vithusharavirajan/Documents/ACS3310-JSLib/custom-profanity-filter/src/index.ts": {"path":"/Users/vithusharavirajan/Documents/ACS3310-JSLib/custom-profanity-filter/src/index.ts","statementMap":{"0":{"start":{"line":1,"column":0},"end":{"line":1,"column":54}},"1":{"start":{"line":8,"column":12},"end":{"line":8,"column":53}},"2":{"start":{"line":11,"column":8},"end":{"line":11,"column":39}},"3":{"start":{"line":12,"column":8},"end":{"line":12,"column":41}},"4":{"start":{"line":13,"column":8},"end":{"line":13,"column":82}},"5":{"start":{"line":14,"column":8},"end":{"line":14,"column":37}},"6":{"start":{"line":18,"column":8},"end":{"line":24,"column":11}},"7":{"start":{"line":19,"column":12},"end":{"line":21,"column":null}},"8":{"start":{"line":20,"column":16},"end":{"line":20,"column":29}},"9":{"start":{"line":22,"column":28},"end":{"line":22,"column":86}},"10":{"start":{"line":23,"column":12},"end":{"line":23,"column":40}},"11":{"start":{"line":28,"column":29},"end":{"line":28,"column":34}},"12":{"start":{"line":29,"column":8},"end":{"line":31,"column":53}},"13":{"start":{"line":35,"column":35},"end":{"line":35,"column":39}},"14":{"start":{"line":36,"column":8},"end":{"line":38,"column":52}},"15":{"start":{"line":37,"column":12},"end":{"line":37,"column":77}},"16":{"start":{"line":42,"column":8},"end":{"line":46,"column":11}},"17":{"start":{"line":43,"column":12},"end":{"line":43,"column":38}},"18":{"start":{"line":44,"column":12},"end":{"line":44,"column":32}},"19":{"start":{"line":45,"column":12},"end":{"line":45,"column":42}},"20":{"start":{"line":50,"column":8},"end":{"line":50,"column":72}},"21":{"start":{"line":50,"column":30},"end":{"line":50,"column":70}},"22":{"start":{"line":54,"column":0},"end":{"line":54,"column":27}},"23":{"start":{"line":56,"column":15},"end":{"line":56,"column":35}},"24":{"start":{"line":57,"column":15},"end":{"line":57,"column":86}},"25":{"start":{"line":58,"column":0},"end":{"line":58,"column":null}},"26":{"start":{"line":59,"column":0},"end":{"line":59,"column":null}},"27":{"start":{"line":60,"column":0},"end":{"line":60,"column":null}}},"fnMap":{"0":{"name":"(anonymous_0)","decl":{"start":{"line":10,"column":4},"end":{"line":10,"column":16}},"loc":{"start":{"line":10,"column":70},"end":{"line":15,"column":5}}},"1":{"name":"(anonymous_1)","decl":{"start":{"line":17,"column":4},"end":{"line":17,"column":13}},"loc":{"start":{"line":17,"column":28},"end":{"line":25,"column":5}}},"2":{"name":"(anonymous_2)","decl":{"start":{"line":18,"column":35},"end":{"line":18,"column":36}},"loc":{"start":{"line":18,"column":44},"end":{"line":24,"column":9}}},"3":{"name":"(anonymous_3)","decl":{"start":{"line":27,"column":4},"end":{"line":27,"column":20}},"loc":{"start":{"line":27,"column":35},"end":{"line":32,"column":5}}},"4":{"name":"(anonymous_4)","decl":{"start":{"line":34,"column":4},"end":{"line":34,"column":12}},"loc":{"start":{"line":34,"column":27},"end":{"line":39,"column":5}}},"5":{"name":"(anonymous_5)","decl":{"start":{"line":36,"column":44},"end":{"line":36,"column":45}},"loc":{"start":{"line":36,"column":53},"end":{"line":38,"column":9}}},"6":{"name":"(anonymous_6)","decl":{"start":{"line":41,"column":4},"end":{"line":41,"column":12}},"loc":{"start":{"line":41,"column":31},"end":{"line":47,"column":5}}},"7":{"name":"(anonymous_7)","decl":{"start":{"line":42,"column":22},"end":{"line":42,"column":23}},"loc":{"start":{"line":42,"column":31},"end":{"line":46,"column":9}}},"8":{"name":"(anonymous_8)","decl":{"start":{"line":49,"column":4},"end":{"line":49,"column":15}},"loc":{"start":{"line":49,"column":34},"end":{"line":51,"column":5}}},"9":{"name":"(anonymous_9)","decl":{"start":{"line":50,"column":22},"end":{"line":50,"column":26}},"loc":{"start":{"line":50,"column":30},"end":{"line":50,"column":70}}}},"branchMap":{"0":{"loc":{"start":{"line":10,"column":16},"end":{"line":10,"column":41}},"type":"default-arg","locations":[{"start":{"line":10,"column":38},"end":{"line":10,"column":41}}]},"1":{"loc":{"start":{"line":10,"column":43},"end":{"line":10,"column":70}},"type":"default-arg","locations":[{"start":{"line":10,"column":68},"end":{"line":10,"column":70}}]},"2":{"loc":{"start":{"line":13,"column":28},"end":{"line":13,"column":80}},"type":"cond-expr","locations":[{"start":{"line":13,"column":54},"end":{"line":13,"column":66}},{"start":{"line":13,"column":69},"end":{"line":13,"column":80}}]},"3":{"loc":{"start":{"line":19,"column":12},"end":{"line":21,"column":null}},"type":"if","locations":[{"start":{"line":19,"column":12},"end":{"line":21,"column":null}}]},"4":{"loc":{"start":{"line":37,"column":19},"end":{"line":37,"column":76}},"type":"cond-expr","locations":[{"start":{"line":37,"column":42},"end":{"line":37,"column":69}},{"start":{"line":37,"column":72},"end":{"line":37,"column":76}}]},"5":{"loc":{"start":{"line":38,"column":16},"end":{"line":38,"column":50}},"type":"cond-expr","locations":[{"start":{"line":38,"column":44},"end":{"line":38,"column":48}},{"start":{"line":38,"column":48},"end":{"line":38,"column":50}}]},"6":{"loc":{"start":{"line":38,"column":16},"end":{"line":38,"column":48}},"type":"binary-expr","locations":[{"start":{"line":38,"column":16},"end":{"line":38,"column":48}},{"start":{"line":38,"column":44},"end":{"line":38,"column":48}}]},"7":{"loc":{"start":{"line":38,"column":16},"end":{"line":38,"column":44}},"type":"cond-expr","locations":[{"start":{"line":38,"column":39},"end":{"line":38,"column":42}},{"start":{"line":38,"column":39},"end":{"line":38,"column":44}}]},"8":{"loc":{"start":{"line":38,"column":16},"end":{"line":38,"column":42}},"type":"binary-expr","locations":[{"start":{"line":38,"column":16},"end":{"line":38,"column":42}},{"start":{"line":38,"column":39},"end":{"line":38,"column":42}}]}},"s":{"0":1,"1":6,"2":6,"3":6,"4":6,"5":6,"6":55,"7":22316,"8":1,"9":22315,"10":22315,"11":4,"12":4,"13":2,"14":2,"15":50,"16":2,"17":2,"18":2,"19":2,"20":1,"21":1,"22":1,"23":1,"24":1,"25":1,"26":1,"27":1},"f":{"0":6,"1":55,"2":22316,"3":4,"4":2,"5":50,"6":2,"7":2,"8":1,"9":1},"b":{"0":[5],"1":[6],"2":[0,6],"3":[1],"4":[3,47],"5":[2,0],"6":[2,2],"7":[0,2],"8":[2,2]}}
}
