TN:
SF:dist/index.js
FN:5,(anonymous_0)
FN:12,(anonymous_1)
FN:13,(anonymous_2)
FN:21,(anonymous_3)
FN:27,(anonymous_4)
FN:30,(anonymous_5)
FN:34,(anonymous_6)
FN:35,(anonymous_7)
FN:41,(anonymous_8)
FN:42,(anonymous_9)
FNF:10
FNH:10
FNDA:6,(anonymous_0)
FNDA:55,(anonymous_1)
FNDA:22316,(anonymous_2)
FNDA:4,(anonymous_3)
FNDA:2,(anonymous_4)
FNDA:50,(anonymous_5)
FNDA:2,(anonymous_6)
FNDA:2,(anonymous_7)
FNDA:1,(anonymous_8)
FNDA:1,(anonymous_9)
DA:2,1
DA:3,1
DA:6,6
DA:7,6
DA:8,6
DA:9,6
DA:10,6
DA:13,55
DA:14,22316
DA:15,1
DA:17,22315
DA:18,22315
DA:22,4
DA:23,4
DA:29,2
DA:30,2
DA:31,50
DA:35,2
DA:36,2
DA:37,2
DA:38,2
DA:42,1
DA:45,1
DA:46,1
DA:47,1
DA:48,1
DA:49,1
DA:50,1
LF:28
LH:28
BRDA:5,0,0,5
BRDA:5,1,0,6
BRDA:9,2,0,0
BRDA:9,2,1,6
BRDA:14,3,0,1
BRDA:14,3,1,22315
BRDA:31,4,0,3
BRDA:31,4,1,47
BRDA:32,5,0,2
BRDA:32,5,1,0
BRDA:32,6,0,2
BRDA:32,6,1,2
BRDA:32,7,0,0
BRDA:32,7,1,2
BRDA:32,8,0,2
BRDA:32,8,1,2
BRF:16
BRH:13
end_of_record
TN:
SF:src/index.ts
FN:10,(anonymous_0)
FN:17,(anonymous_1)
FN:18,(anonymous_2)
FN:27,(anonymous_3)
FN:34,(anonymous_4)
FN:36,(anonymous_5)
FN:41,(anonymous_6)
FN:42,(anonymous_7)
FN:49,(anonymous_8)
FN:50,(anonymous_9)
FNF:10
FNH:10
FNDA:6,(anonymous_0)
FNDA:55,(anonymous_1)
FNDA:22316,(anonymous_2)
FNDA:4,(anonymous_3)
FNDA:2,(anonymous_4)
FNDA:50,(anonymous_5)
FNDA:2,(anonymous_6)
FNDA:2,(anonymous_7)
FNDA:1,(anonymous_8)
FNDA:1,(anonymous_9)
DA:1,1
DA:8,6
DA:11,6
DA:12,6
DA:13,6
DA:14,6
DA:18,55
DA:19,22316
DA:20,1
DA:22,22315
DA:23,22315
DA:28,4
DA:29,4
DA:35,2
DA:36,2
DA:37,50
DA:42,2
DA:43,2
DA:44,2
DA:45,2
DA:50,1
DA:54,1
DA:56,1
DA:57,1
DA:58,1
DA:59,1
DA:60,1
LF:27
LH:27
BRDA:10,0,0,5
BRDA:10,1,0,6
BRDA:13,2,0,0
BRDA:13,2,1,6
BRDA:19,3,0,1
BRDA:37,4,0,3
BRDA:37,4,1,47
BRDA:38,5,0,2
BRDA:38,5,1,0
BRDA:38,6,0,2
BRDA:38,6,1,2
BRDA:38,7,0,0
BRDA:38,7,1,2
BRDA:38,8,0,2
BRDA:38,8,1,2
BRF:15
BRH:12
end_of_record
